<?xml version="1.0" encoding="UTF-8"?>
<!-- Generated by org.testng.reporters.JUnitReportReporter -->
<testsuite hostname="vaishu" failures="0" tests="1" name="com.ddf.test.LoginTest.loginTest_v3" time="9.842" errors="0" timestamp="2021-10-09T16:16:52 IST" skipped="0">
  <testcase classname="com.ddf.test.LoginTest.loginTest_v3" name="testOne" time="9.842"/>
  <system-out/>
</testsuite> <!-- com.ddf.test.LoginTest.loginTest_v3 -->
