<?xml version="1.0" encoding="UTF-8"?>
<!-- Generated by org.testng.reporters.JUnitReportReporter -->
<testsuite hostname="vaishu" failures="0" tests="1" name="com.ddf.test.LoginTest.loginTest_v4" time="10.273" errors="0" timestamp="2021-10-09T16:58:49 IST" skipped="0">
  <testcase classname="com.ddf.test.LoginTest.loginTest_v4" name="testOne" time="10.273"/>
  <system-out/>
</testsuite> <!-- com.ddf.test.LoginTest.loginTest_v4 -->
