<?xml version="1.0" encoding="UTF-8"?>
<!-- Generated by org.testng.reporters.JUnitReportReporter -->
<testsuite hostname="vaishu" failures="0" tests="3" name="com.ddf.test.LoginTest.loginTest_v1" time="166.623" errors="0" timestamp="2021-10-09T11:50:34 IST" skipped="0">
  <testcase classname="com.ddf.test.LoginTest.loginTest_v1" name="testThree" time="93.601"/>
  <system-out/>
  <testcase classname="com.ddf.test.LoginTest.loginTest_v1" name="testTwo" time="50.344"/>
  <system-out/>
  <testcase classname="com.ddf.test.LoginTest.loginTest_v1" name="testOne" time="22.678"/>
  <system-out/>
</testsuite> <!-- com.ddf.test.LoginTest.loginTest_v1 -->
