<?xml version="1.0" encoding="UTF-8"?>
<!-- Generated by org.testng.reporters.JUnitReportReporter -->
<testsuite hostname="vaishu" failures="0" tests="1" name="com.ddf.test.LoginTest.temp_prop" time="0.033" errors="0" timestamp="2021-10-09T14:20:43 IST" skipped="0">
  <testcase classname="com.ddf.test.LoginTest.temp_prop" name="readprop" time="0.033"/>
  <system-out/>
</testsuite> <!-- com.ddf.test.LoginTest.temp_prop -->
